TIME     : 2023-11-19 13:12:23
FILE     : VBoxApi.cpp
FUNCTION : SetGlobleBaseName
LINENUM  : 8363
DETAIL   : _android_type = 4 

TIME     : 2023-11-19 13:12:23
FILE     : VBoxApi.cpp
FUNCTION : SetGlobleBaseName
LINENUM  : 8363
DETAIL   : _android_type = 5 

TIME     : 2023-11-19 13:12:23
FILE     : VBoxApi.cpp
FUNCTION : SetGlobleBaseName
LINENUM  : 8363
DETAIL   : _android_type = 7 

TIME     : 2023-11-19 13:12:23
FILE     : VBoxApi.cpp
FUNCTION : SetGlobleBaseName
LINENUM  : 8363
DETAIL   : _android_type = 8 

TIME     : 2023-11-19 13:12:23
FILE     : VBoxApi.cpp
FUNCTION : SetGlobleBaseName
LINENUM  : 8363
DETAIL   : _android_type = 9 

TIME     : 2023-11-19 13:12:23
FILE     : VBoxApi.cpp
FUNCTION : SetGlobleBaseName
LINENUM  : 8363
DETAIL   : _android_type = 12 

TIME     : 2023-11-19 13:12:23
FILE     : VBoxApi.cpp
FUNCTION : VB_RepBaseVM
LINENUM  : 400
DETAIL   : VB_RepBaseVM D:\Program Files\Nox\bin\BignoxVMS\..,base7,D:\Program Files\Nox\bin\data\base7

TIME     : 2023-11-19 13:12:23
FILE     : VBoxInternal.cpp
FUNCTION : VBI_CheckSystemDisk
LINENUM  : 1613
DETAIL   : errinfo=  

TIME     : 2023-11-19 13:12:23
FILE     : VBoxApi.cpp
FUNCTION : VB_RepBaseVM
LINENUM  : 410
DETAIL   : isBaseDisk1Exist : 1

TIME     : 2023-11-19 13:12:29
FILE     : VBoxApi.cpp
FUNCTION : VB_Init
LINENUM  : 635
DETAIL   : VBI_GetISession hr = 0

TIME     : 2023-11-19 13:12:29
FILE     : WorkThread.cpp
FUNCTION : CWorkThread::start
LINENUM  : 68
DETAIL   : WorkThread ID : 15552


TIME     : 2023-11-19 13:12:29
FILE     : WorkThread.cpp
FUNCTION : CWorkThread::start
LINENUM  : 68
DETAIL   : WorkThread ID : 5728


TIME     : 2023-11-19 13:12:29
FILE     : WorkThread.cpp
FUNCTION : CWorkThread::start
LINENUM  : 68
DETAIL   : WorkThread ID : 13088


TIME     : 2023-11-19 13:12:29
FILE     : WorkThread.cpp
FUNCTION : CWorkThread::start
LINENUM  : 68
DETAIL   : WorkThread ID : 7764


TIME     : 2023-11-19 13:12:29
FILE     : VBoxApi.cpp
FUNCTION : VB_FindMachine
LINENUM  : 1818
DETAIL   : Machine "nox" has been found.

TIME     : 2023-11-19 13:12:31
FILE     : VBoxApi.cpp
FUNCTION : VB_FindMachineEx
LINENUM  : 1188
DETAIL   : d2 p D:\Program Files\Nox\bin\BignoxVMS\nox\nox-disk2.vmdk

TIME     : 2023-11-19 13:12:31
FILE     : VBoxInternal.cpp
FUNCTION : VBI_CheckDiskRegist
LINENUM  : 1798
DETAIL   : errinfo=  

TIME     : 2023-11-19 13:12:31
FILE     : VBoxApi.cpp
FUNCTION : VB_FindMachineEx
LINENUM  : 1198
DETAIL   : VBI_CheckDisk2Regist RESULT 0

TIME     : 2023-11-19 13:12:31
FILE     : VBoxInternal.cpp
FUNCTION : VBI_CheckDiskRegist
LINENUM  : 1798
DETAIL   : errinfo=  

TIME     : 2023-11-19 13:12:31
FILE     : VBoxApi.cpp
FUNCTION : VB_FindMachineEx
LINENUM  : 1304
DETAIL   : VBI_CheckDisk1Regist RESULT 0

TIME     : 2023-11-19 13:12:34
FILE     : VBoxApi.cpp
FUNCTION : VB_FindMachineEx
LINENUM  : 1328
DETAIL   : Machine "nox" has been found.

TIME     : 2023-11-19 13:12:36
FILE     : VBoxApi.cpp
FUNCTION : VB_GetMachineState
LINENUM  : 1988
DETAIL   : Machine Status  = 1

TIME     : 2023-11-19 13:12:52
FILE     : VBoxApi.cpp
FUNCTION : VB_GetMachineState
LINENUM  : 1988
DETAIL   : Machine Status  = 1

TIME     : 2023-11-19 13:12:58
FILE     : VBoxApi.cpp
FUNCTION : VB_DeleteNATRule
LINENUM  : 5253
DETAIL   : ErrorCode is "89". Detail : VB_ERR_REMOVE_NAT_PORT_FAIL

TIME     : 2023-11-19 13:13:03
FILE     : VBoxApi.cpp
FUNCTION : VB_StartMachine
LINENUM  : 2071
DETAIL   : pV5Params=romx;0;romy;0;romwidth;1280;romheight;720;renderport;nox;callbackport;nox_c;rendertype;opengl;hwnd;199130;renderpath;libopenglrenderplus.dll;passthrough;NOXa.dll

TIME     : 2023-11-19 13:13:06
FILE     : VBoxApi.cpp
FUNCTION : VB_StartMachine
LINENUM  : 2089
DETAIL   : NoxVMHandle pID=18068

TIME     : 2023-11-19 13:14:37
FILE     : VBoxApi.cpp
FUNCTION : VB_StartMachine
LINENUM  : 2120
DETAIL   : wait over

TIME     : 2023-11-19 13:14:38
FILE     : VBoxApi.cpp
FUNCTION : VB_GetMachineState
LINENUM  : 1988
DETAIL   : Machine Status  = 5

TIME     : 2023-11-19 13:14:45
FILE     : VBoxApi.cpp
FUNCTION : VB_GetMachineState
LINENUM  : 1988
DETAIL   : Machine Status  = 5

TIME     : 2023-11-19 13:14:47
FILE     : VBoxApi.cpp
FUNCTION : VB_RemoveSharedFolder
LINENUM  : 4059
DETAIL   : ErrorCode is "110". Detail : VB_ERR_REMOVE_SHAREDFOLDER_FAIL

TIME     : 2023-11-19 13:14:48
FILE     : VBoxApi.cpp
FUNCTION : VB_AddSharedFolder
LINENUM  : 3973
DETAIL   : ErrorCode is "110". Detail : VB_ERR_REMOVE_SHAREDFOLDER_FAIL

TIME     : 2023-11-19 13:14:52
FILE     : VBoxApi.cpp
FUNCTION : VB_RemoveSharedFolder
LINENUM  : 4059
DETAIL   : ErrorCode is "110". Detail : VB_ERR_REMOVE_SHAREDFOLDER_FAIL

TIME     : 2023-11-19 13:14:54
FILE     : VBoxApi.cpp
FUNCTION : VB_AddSharedFolder
LINENUM  : 3973
DETAIL   : ErrorCode is "110". Detail : VB_ERR_REMOVE_SHAREDFOLDER_FAIL

TIME     : 2023-11-19 13:14:56
FILE     : VBoxApi.cpp
FUNCTION : VB_RemoveSharedFolder
LINENUM  : 4059
DETAIL   : ErrorCode is "110". Detail : VB_ERR_REMOVE_SHAREDFOLDER_FAIL

TIME     : 2023-11-19 13:14:59
FILE     : VBoxApi.cpp
FUNCTION : VB_AddSharedFolder
LINENUM  : 3973
DETAIL   : ErrorCode is "110". Detail : VB_ERR_REMOVE_SHAREDFOLDER_FAIL

TIME     : 2023-11-19 13:17:34
FILE     : VBoxApi.cpp
FUNCTION : VB_GetMachineState
LINENUM  : 1988
DETAIL   : Machine Status  = 5

TIME     : 2023-11-19 13:19:20
FILE     : VBoxApi.cpp
FUNCTION : VB_GetMachineState
LINENUM  : 1988
DETAIL   : Machine Status  = 5

TIME     : 2023-11-19 13:28:00
FILE     : VBoxApi.cpp
FUNCTION : VB_GetMachineState
LINENUM  : 1988
DETAIL   : Machine Status  = 5

TIME     : 2023-11-19 13:28:01
FILE     : VBoxApi.cpp
FUNCTION : VB_GetMachineState
LINENUM  : 1988
DETAIL   : Machine Status  = 5

TIME     : 2023-11-19 13:28:01
FILE     : VBoxApi.cpp
FUNCTION : VB_GetMachineState
LINENUM  : 1988
DETAIL   : Machine Status  = 5

TIME     : 2023-11-19 13:28:02
FILE     : VBoxApi.cpp
FUNCTION : VB_GetMachineState
LINENUM  : 1988
DETAIL   : Machine Status  = 5

TIME     : 2023-11-19 13:28:02
FILE     : VBoxApi.cpp
FUNCTION : VB_GetMachineState
LINENUM  : 1988
DETAIL   : Machine Status  = 5

TIME     : 2023-11-19 13:28:03
FILE     : VBoxApi.cpp
FUNCTION : VB_GetMachineState
LINENUM  : 1988
DETAIL   : Machine Status  = 5

TIME     : 2023-11-19 13:28:03
FILE     : VBoxApi.cpp
FUNCTION : VB_GetMachineState
LINENUM  : 1988
DETAIL   : Machine Status  = 5

TIME     : 2023-11-19 13:28:04
FILE     : VBoxApi.cpp
FUNCTION : VB_GetMachineState
LINENUM  : 1988
DETAIL   : Machine Status  = 5

TIME     : 2023-11-19 13:28:04
FILE     : VBoxApi.cpp
FUNCTION : VB_GetMachineState
LINENUM  : 1988
DETAIL   : Machine Status  = 5

TIME     : 2023-11-19 13:28:05
FILE     : VBoxApi.cpp
FUNCTION : VB_GetMachineState
LINENUM  : 1988
DETAIL   : Machine Status  = 5

TIME     : 2023-11-19 13:28:05
FILE     : VBoxApi.cpp
FUNCTION : VB_StopMachine
LINENUM  : 2368
DETAIL   : VB_StopMachine come in xa .

TIME     : 2023-11-19 13:28:16
FILE     : VBoxApi.cpp
FUNCTION : VB_GetMachineState
LINENUM  : 1988
DETAIL   : Machine Status  = 11

